<?xml version="1.0" encoding="UTF-8"?>
<!-- Generated by org.testng.reporters.JUnitReportReporter -->
<testsuite skipped="0" hostname="BLRWX10323" name="com.io.ims.PEPWeb.TestAddNewAppointmentAndReminder" tests="1" failures="0" timestamp="16 Dec 2019 10:09:37 GMT" time="144.636" errors="0">
  <testcase name="TestToVerifyCreateRepeatsDailyAppointmentWithDoctorOrPatient" time="144.636" classname="com.io.ims.PEPWeb.TestAddNewAppointmentAndReminder"/>
</testsuite> <!-- com.io.ims.PEPWeb.TestAddNewAppointmentAndReminder -->
