<?xml version="1.0" encoding="UTF-8"?>
<!-- Generated by org.testng.reporters.JUnitReportReporter -->
<testsuite skipped="0" hostname="BLRWX10323" name="com.io.ims.PEPWeb.TestMyCalendar" tests="1" failures="0" timestamp="16 Dec 2019 10:59:32 GMT" time="87.290" errors="0">
  <testcase name="TestToVerifyAllTheFieldsAndButtonsInCareCoachMyCalendarPage" time="87.290" classname="com.io.ims.PEPWeb.TestMyCalendar"/>
</testsuite> <!-- com.io.ims.PEPWeb.TestMyCalendar -->
