<?xml version="1.0" encoding="UTF-8"?>
<!-- Generated by org.testng.reporters.JUnitReportReporter -->
<testsuite skipped="0" hostname="DESKTOP-0AG0V8V" name="com.auto.test.Web.TestLoginPage" tests="1" failures="0" timestamp="2020-02-11T22:18:43 IST" time="59.581" errors="0">
  <testcase name="TestToVerifyLoginAndLogoutFromTheApplication" time="59.581" classname="com.auto.test.Web.TestLoginPage"/>
</testsuite> <!-- com.auto.test.Web.TestLoginPage -->
