<?xml version="1.0" encoding="UTF-8"?>
<!-- Generated by org.testng.reporters.JUnitReportReporter -->
<testsuite skipped="0" hostname="BLRWX10323" name="pepWeb.TestHomePage" tests="1" failures="0" timestamp="09 May 2019 15:07:51 GMT" time="16.827" errors="0">
  <testcase name="TestToVerifyAllLinksInHomePage" time="16.827" classname="pepWeb.TestHomePage"/>
</testsuite> <!-- pepWeb.TestHomePage -->
