<?xml version="1.0" encoding="UTF-8"?>
<!-- Generated by org.testng.reporters.JUnitReportReporter -->
<testsuite skipped="0" hostname="BLRWX10323" name="testCases.LaunchBrowser" tests="1" failures="0" timestamp="07 Feb 2019 09:55:09 GMT" time="13.954" errors="0">
  <testcase name="TestLoginFunctionality" time="13.954" classname="testCases.LaunchBrowser"/>
</testsuite> <!-- testCases.LaunchBrowser -->
