<?xml version="1.0" encoding="UTF-8"?>
<!-- Generated by org.testng.reporters.JUnitReportReporter -->
<testsuite skipped="0" hostname="BLRWX10323" name="com.io.ims.PEPWeb.TestPrograms" tests="1" failures="0" timestamp="26 Dec 2019 11:06:50 GMT" time="11.969" errors="0">
  <testcase name="TestToVerifyAccessingAndUpdatingPatientMedicalDetails" time="11.969" classname="com.io.ims.PEPWeb.TestPrograms"/>
</testsuite> <!-- com.io.ims.PEPWeb.TestPrograms -->
