<?xml version="1.0" encoding="UTF-8"?>
<!-- Generated by org.testng.reporters.JUnitReportReporter -->
<testsuite skipped="0" hostname="BLRWX10323" name="mepWeb.TestHomePage" tests="1" failures="0" timestamp="28 Feb 2019 06:27:25 GMT" time="13.879" errors="0">
  <testcase name="TestToVerifyTheNavigationOfMenuItemsInHomePage" time="13.879" classname="mepWeb.TestHomePage"/>
</testsuite> <!-- mepWeb.TestHomePage -->
