<?xml version="1.0" encoding="UTF-8"?>
<!-- Generated by org.testng.reporters.JUnitReportReporter -->
<testsuite skipped="0" hostname="BLRWX10323" name="pepWeb.TestDashboard" tests="1" failures="0" timestamp="17 May 2019 06:43:46 GMT" time="15.312" errors="0">
  <testcase name="TestToVerifyMenuElementsAndNavigation" time="15.312" classname="pepWeb.TestDashboard"/>
</testsuite> <!-- pepWeb.TestDashboard -->
